2026-03-21 10:47:30,080 WARNING [opinion] no working endpoint found (tried all endpoints)
2026-03-21 10:47:32,107 WARNING [opinion] https://opinionmarkets.io/api/markets failed: [Errno 8] nodename nor servname provided, or not known
2026-03-21 10:47:32,122 WARNING [opinion] https://api.opinion.markets/v1/markets failed: [Errno 8] nodename nor servname provided, or not known
2026-03-21 10:47:32,122 WARNING [opinion] no working endpoint found (tried all endpoints)
2026-03-21 10:47:39,595 WARNING [kalshi] v2-trading failed: Client error '401 Unauthorized' for url 'https://trading-api.kalshi.com/trade-api/v2/markets?limit=100&status=open'
For more information check: https://developer.mozilla.org/en-US/docs/Web/HTTP/Status/401
2026-03-21 10:47:40,935 WARNING [kalshi] elections-v1 failed: Client error '404 Not Found' for url 'https://api.elections.kalshi.com/v1/markets'
For more information check: https://developer.mozilla.org/en-US/docs/Web/HTTP/Status/404
2026-03-21 10:47:40,935 WARNING [kalshi] all endpoints failed, returning []
2026-03-21 10:47:44,374 WARNING [kalshi] v2-trading failed: Client error '401 Unauthorized' for url 'https://trading-api.kalshi.com/trade-api/v2/markets?limit=100&status=open'
For more information check: https://developer.mozilla.org/en-US/docs/Web/HTTP/Status/401
2026-03-21 10:47:44,853 WARNING [kalshi] elections-v1 failed: Client error '404 Not Found' for url 'https://api.elections.kalshi.com/v1/markets'
For more information check: https://developer.mozilla.org/en-US/docs/Web/HTTP/Status/404
2026-03-21 10:47:44,853 WARNING [kalshi] all endpoints failed, returning []
2026-03-21 10:48:15,487 WARNING [metaculus] all attempts failed, returning []
2026-03-21 10:48:18,732 WARNING [metaculus] all attempts failed, returning []
2026-03-21 10:50:10,950 WARNING [metaculus] all attempts failed, returning []
2026-03-21 10:50:10,962 WARNING [opinion] https://opinionmarkets.io/api/markets failed: [Errno 8] nodename nor servname provided, or not known
2026-03-21 10:50:10,974 WARNING [opinion] https://api.opinion.markets/v1/markets failed: [Errno 8] nodename nor servname provided, or not known
2026-03-21 10:50:10,975 WARNING [opinion] no working endpoint found (tried all endpoints)
